CRITICAL - 2023-03-11 13:54:14 --> The framework needs the following extension(s) installed and loaded: intl.
in SYSTEMPATH\CodeIgniter.php on line 226.
 1 SYSTEMPATH\CodeIgniter.php(226): CodeIgniter\Exceptions\FrameworkException::forMissingExtension('intl')
 2 SYSTEMPATH\CodeIgniter.php(190): CodeIgniter\CodeIgniter->resolvePlatformExtensions()
 3 ROOTPATH\spark(83): CodeIgniter\CodeIgniter->initialize()
CRITICAL - 2023-03-11 13:57:20 --> The framework needs the following extension(s) installed and loaded: intl.
in SYSTEMPATH\CodeIgniter.php on line 226.
 1 SYSTEMPATH\CodeIgniter.php(226): CodeIgniter\Exceptions\FrameworkException::forMissingExtension('intl')
 2 SYSTEMPATH\CodeIgniter.php(190): CodeIgniter\CodeIgniter->resolvePlatformExtensions()
 3 ROOTPATH\spark(83): CodeIgniter\CodeIgniter->initialize()
CRITICAL - 2023-03-11 13:57:24 --> The framework needs the following extension(s) installed and loaded: intl.
in SYSTEMPATH\CodeIgniter.php on line 226.
 1 SYSTEMPATH\CodeIgniter.php(226): CodeIgniter\Exceptions\FrameworkException::forMissingExtension('intl')
 2 SYSTEMPATH\CodeIgniter.php(190): CodeIgniter\CodeIgniter->resolvePlatformExtensions()
 3 ROOTPATH\spark(83): CodeIgniter\CodeIgniter->initialize()
CRITICAL - 2023-03-11 13:57:26 --> The framework needs the following extension(s) installed and loaded: intl.
in SYSTEMPATH\CodeIgniter.php on line 226.
 1 SYSTEMPATH\CodeIgniter.php(226): CodeIgniter\Exceptions\FrameworkException::forMissingExtension('intl')
 2 SYSTEMPATH\CodeIgniter.php(190): CodeIgniter\CodeIgniter->resolvePlatformExtensions()
 3 ROOTPATH\spark(83): CodeIgniter\CodeIgniter->initialize()
ERROR - 2023-03-11 13:30:46 --> Error connecting to the database: mysqli_sql_exception: Unknown database 'langergroup' in C:\Users\LUIYI VARGAS\langergroupAPI\system\Database\MySQLi\Connection.php:174
Stack trace:
#0 C:\Users\LUIYI VARGAS\langergroupAPI\system\Database\MySQLi\Connection.php(174): mysqli->real_connect('localhost', 'root', '', 'langergroup', 3306, '', 0)
#1 C:\Users\LUIYI VARGAS\langergroupAPI\system\Database\BaseConnection.php(391): CodeIgniter\Database\MySQLi\Connection->connect(false)
#2 C:\Users\LUIYI VARGAS\langergroupAPI\system\Database\BaseConnection.php(573): CodeIgniter\Database\BaseConnection->initialize()
#3 C:\Users\LUIYI VARGAS\langergroupAPI\system\Database\BaseConnection.php(1408): CodeIgniter\Database\BaseConnection->query('SHOW TABLES FRO...')
#4 C:\Users\LUIYI VARGAS\langergroupAPI\system\Database\BaseConnection.php(1427): CodeIgniter\Database\BaseConnection->listTables()
#5 C:\Users\LUIYI VARGAS\langergroupAPI\system\Database\MigrationRunner.php(768): CodeIgniter\Database\BaseConnection->tableExists('migrations')
#6 C:\Users\LUIYI VARGAS\langergroupAPI\system\Database\MigrationRunner.php(168): CodeIgniter\Database\MigrationRunner->ensureTable()
#7 C:\Users\LUIYI VARGAS\langergroupAPI\system\Commands\Database\Migrate.php(84): CodeIgniter\Database\MigrationRunner->latest(NULL)
#8 C:\Users\LUIYI VARGAS\langergroupAPI\system\CLI\Commands.php(65): CodeIgniter\Commands\Database\Migrate->run(Array)
#9 C:\Users\LUIYI VARGAS\langergroupAPI\system\CLI\Console.php(37): CodeIgniter\CLI\Commands->run('migrate', Array)
#10 C:\Users\LUIYI VARGAS\langergroupAPI\spark(97): CodeIgniter\CLI\Console->run()
#11 {main}

Next CodeIgniter\Database\Exceptions\DatabaseException: Unknown database 'langergroup' in C:\Users\LUIYI VARGAS\langergroupAPI\system\Database\MySQLi\Connection.php:218
Stack trace:
#0 C:\Users\LUIYI VARGAS\langergroupAPI\system\Database\BaseConnection.php(391): CodeIgniter\Database\MySQLi\Connection->connect(false)
#1 C:\Users\LUIYI VARGAS\langergroupAPI\system\Database\BaseConnection.php(573): CodeIgniter\Database\BaseConnection->initialize()
#2 C:\Users\LUIYI VARGAS\langergroupAPI\system\Database\BaseConnection.php(1408): CodeIgniter\Database\BaseConnection->query('SHOW TABLES FRO...')
#3 C:\Users\LUIYI VARGAS\langergroupAPI\system\Database\BaseConnection.php(1427): CodeIgniter\Database\BaseConnection->listTables()
#4 C:\Users\LUIYI VARGAS\langergroupAPI\system\Database\MigrationRunner.php(768): CodeIgniter\Database\BaseConnection->tableExists('migrations')
#5 C:\Users\LUIYI VARGAS\langergroupAPI\system\Database\MigrationRunner.php(168): CodeIgniter\Database\MigrationRunner->ensureTable()
#6 C:\Users\LUIYI VARGAS\langergroupAPI\system\Commands\Database\Migrate.php(84): CodeIgniter\Database\MigrationRunner->latest(NULL)
#7 C:\Users\LUIYI VARGAS\langergroupAPI\system\CLI\Commands.php(65): CodeIgniter\Commands\Database\Migrate->run(Array)
#8 C:\Users\LUIYI VARGAS\langergroupAPI\system\CLI\Console.php(37): CodeIgniter\CLI\Commands->run('migrate', Array)
#9 C:\Users\LUIYI VARGAS\langergroupAPI\spark(97): CodeIgniter\CLI\Console->run()
#10 {main}
CRITICAL - 2023-03-11 13:31:47 --> Class "CodeIgniter\Database\MySQL\Connection" not found
in SYSTEMPATH\Database\Database.php on line 139.
 1 SYSTEMPATH\Database\Database.php(56): CodeIgniter\Database\Database->initDriver('MySQL', 'CodeIgniter\\Database\\MySQL\\Connection', [...])
 2 SYSTEMPATH\Database\Config.php(82): CodeIgniter\Database\Database->load([...], 'default')
 3 SYSTEMPATH\Common.php(362): CodeIgniter\Database\Config::connect('default', true)
 4 SYSTEMPATH\Database\MigrationRunner.php(151): db_connect(null)
 5 SYSTEMPATH\Config\Services.php(411): CodeIgniter\Database\MigrationRunner->__construct(null, null)
 6 SYSTEMPATH\Config\BaseService.php(252): CodeIgniter\Config\Services::migrations(Object(Config\Migrations), null, false)
 7 SYSTEMPATH\Config\BaseService.php(193): CodeIgniter\Config\BaseService::__callStatic('migrations', [...])
 8 SYSTEMPATH\Config\Services.php(406): CodeIgniter\Config\BaseService::getSharedInstance('migrations', null, null)
 9 SYSTEMPATH\Config\BaseService.php(252): CodeIgniter\Config\Services::migrations()
10 SYSTEMPATH\Commands\Database\Migrate.php(69): CodeIgniter\Config\BaseService::__callStatic('migrations', [])
11 SYSTEMPATH\CLI\Commands.php(65): CodeIgniter\Commands\Database\Migrate->run([])
12 SYSTEMPATH\CLI\Console.php(37): CodeIgniter\CLI\Commands->run('migrate', [])
13 ROOTPATH\spark(97): CodeIgniter\CLI\Console->run()
ERROR - 2023-03-11 13:32:41 --> Error connecting to the database: mysqli_sql_exception: Unknown database 'langergroup' in C:\Users\LUIYI VARGAS\langergroupAPI\system\Database\MySQLi\Connection.php:174
Stack trace:
#0 C:\Users\LUIYI VARGAS\langergroupAPI\system\Database\MySQLi\Connection.php(174): mysqli->real_connect('localhost', 'root', '', 'langergroup', 3306, '', 0)
#1 C:\Users\LUIYI VARGAS\langergroupAPI\system\Database\BaseConnection.php(391): CodeIgniter\Database\MySQLi\Connection->connect(false)
#2 C:\Users\LUIYI VARGAS\langergroupAPI\system\Database\BaseConnection.php(573): CodeIgniter\Database\BaseConnection->initialize()
#3 C:\Users\LUIYI VARGAS\langergroupAPI\system\Database\BaseConnection.php(1408): CodeIgniter\Database\BaseConnection->query('SHOW TABLES FRO...')
#4 C:\Users\LUIYI VARGAS\langergroupAPI\system\Database\BaseConnection.php(1427): CodeIgniter\Database\BaseConnection->listTables()
#5 C:\Users\LUIYI VARGAS\langergroupAPI\system\Database\MigrationRunner.php(768): CodeIgniter\Database\BaseConnection->tableExists('migrations')
#6 C:\Users\LUIYI VARGAS\langergroupAPI\system\Database\MigrationRunner.php(168): CodeIgniter\Database\MigrationRunner->ensureTable()
#7 C:\Users\LUIYI VARGAS\langergroupAPI\system\Commands\Database\Migrate.php(84): CodeIgniter\Database\MigrationRunner->latest(NULL)
#8 C:\Users\LUIYI VARGAS\langergroupAPI\system\CLI\Commands.php(65): CodeIgniter\Commands\Database\Migrate->run(Array)
#9 C:\Users\LUIYI VARGAS\langergroupAPI\system\CLI\Console.php(37): CodeIgniter\CLI\Commands->run('migrate', Array)
#10 C:\Users\LUIYI VARGAS\langergroupAPI\spark(97): CodeIgniter\CLI\Console->run()
#11 {main}

Next CodeIgniter\Database\Exceptions\DatabaseException: Unknown database 'langergroup' in C:\Users\LUIYI VARGAS\langergroupAPI\system\Database\MySQLi\Connection.php:218
Stack trace:
#0 C:\Users\LUIYI VARGAS\langergroupAPI\system\Database\BaseConnection.php(391): CodeIgniter\Database\MySQLi\Connection->connect(false)
#1 C:\Users\LUIYI VARGAS\langergroupAPI\system\Database\BaseConnection.php(573): CodeIgniter\Database\BaseConnection->initialize()
#2 C:\Users\LUIYI VARGAS\langergroupAPI\system\Database\BaseConnection.php(1408): CodeIgniter\Database\BaseConnection->query('SHOW TABLES FRO...')
#3 C:\Users\LUIYI VARGAS\langergroupAPI\system\Database\BaseConnection.php(1427): CodeIgniter\Database\BaseConnection->listTables()
#4 C:\Users\LUIYI VARGAS\langergroupAPI\system\Database\MigrationRunner.php(768): CodeIgniter\Database\BaseConnection->tableExists('migrations')
#5 C:\Users\LUIYI VARGAS\langergroupAPI\system\Database\MigrationRunner.php(168): CodeIgniter\Database\MigrationRunner->ensureTable()
#6 C:\Users\LUIYI VARGAS\langergroupAPI\system\Commands\Database\Migrate.php(84): CodeIgniter\Database\MigrationRunner->latest(NULL)
#7 C:\Users\LUIYI VARGAS\langergroupAPI\system\CLI\Commands.php(65): CodeIgniter\Commands\Database\Migrate->run(Array)
#8 C:\Users\LUIYI VARGAS\langergroupAPI\system\CLI\Console.php(37): CodeIgniter\CLI\Commands->run('migrate', Array)
#9 C:\Users\LUIYI VARGAS\langergroupAPI\spark(97): CodeIgniter\CLI\Console->run()
#10 {main}
CRITICAL - 2023-03-11 14:29:16 --> Call to undefined method CodeIgniter\HTTP\IncomingRequest::getServe()
in APPPATH\Filters\RequestFilter.php on line 34.
 1 SYSTEMPATH\Filters\Filters.php(173): App\Filters\RequestFilter->before(Object(CodeIgniter\HTTP\IncomingRequest), null)
 2 SYSTEMPATH\CodeIgniter.php(473): CodeIgniter\Filters\Filters->run('C:\\', 'before')
 3 SYSTEMPATH\CodeIgniter.php(368): CodeIgniter\CodeIgniter->handleRequest(null, Object(Config\Cache), false)
 4 FCPATH\index.php(67): CodeIgniter\CodeIgniter->run()
 5 SYSTEMPATH\Commands\Server\rewrite.php(47): require_once('FCPATH\\index.php')
CRITICAL - 2023-03-11 14:29:17 --> Call to undefined method CodeIgniter\HTTP\IncomingRequest::getServe()
in APPPATH\Filters\RequestFilter.php on line 34.
 1 SYSTEMPATH\Filters\Filters.php(173): App\Filters\RequestFilter->before(Object(CodeIgniter\HTTP\IncomingRequest), null)
 2 SYSTEMPATH\CodeIgniter.php(473): CodeIgniter\Filters\Filters->run('C:\\', 'before')
 3 SYSTEMPATH\CodeIgniter.php(368): CodeIgniter\CodeIgniter->handleRequest(null, Object(Config\Cache), false)
 4 FCPATH\index.php(67): CodeIgniter\CodeIgniter->run()
 5 SYSTEMPATH\Commands\Server\rewrite.php(47): require_once('FCPATH\\index.php')
CRITICAL - 2023-03-11 14:35:37 --> Too few arguments to function validateApiKeyFromRequest(), 0 passed in C:\Users\LUIYI VARGAS\langergroupAPI\app\Filters\RequestFilter.php on line 39 and exactly 1 expected
in APPPATH\Helpers\jwt_helper.php on line 41.
 1 APPPATH\Filters\RequestFilter.php(39): validateApiKeyFromRequest()
 2 SYSTEMPATH\Filters\Filters.php(173): App\Filters\RequestFilter->before(Object(CodeIgniter\HTTP\IncomingRequest), null)
 3 SYSTEMPATH\CodeIgniter.php(473): CodeIgniter\Filters\Filters->run('C:\\', 'before')
 4 SYSTEMPATH\CodeIgniter.php(368): CodeIgniter\CodeIgniter->handleRequest(null, Object(Config\Cache), false)
 5 FCPATH\index.php(67): CodeIgniter\CodeIgniter->run()
 6 SYSTEMPATH\Commands\Server\rewrite.php(47): require_once('FCPATH\\index.php')
CRITICAL - 2023-03-11 14:35:38 --> Too few arguments to function validateApiKeyFromRequest(), 0 passed in C:\Users\LUIYI VARGAS\langergroupAPI\app\Filters\RequestFilter.php on line 39 and exactly 1 expected
in APPPATH\Helpers\jwt_helper.php on line 41.
 1 APPPATH\Filters\RequestFilter.php(39): validateApiKeyFromRequest()
 2 SYSTEMPATH\Filters\Filters.php(173): App\Filters\RequestFilter->before(Object(CodeIgniter\HTTP\IncomingRequest), null)
 3 SYSTEMPATH\CodeIgniter.php(473): CodeIgniter\Filters\Filters->run('C:\\', 'before')
 4 SYSTEMPATH\CodeIgniter.php(368): CodeIgniter\CodeIgniter->handleRequest(null, Object(Config\Cache), false)
 5 FCPATH\index.php(67): CodeIgniter\CodeIgniter->run()
 6 SYSTEMPATH\Commands\Server\rewrite.php(47): require_once('FCPATH\\index.php')
CRITICAL - 2023-03-11 14:35:55 --> validateApiKeyFromRequest(): Argument #1 ($apiKey) must be of type string, null given, called in C:\Users\LUIYI VARGAS\langergroupAPI\app\Filters\RequestFilter.php on line 39
in APPPATH\Helpers\jwt_helper.php on line 41.
 1 APPPATH\Filters\RequestFilter.php(39): validateApiKeyFromRequest(null)
 2 SYSTEMPATH\Filters\Filters.php(173): App\Filters\RequestFilter->before(Object(CodeIgniter\HTTP\IncomingRequest), null)
 3 SYSTEMPATH\CodeIgniter.php(473): CodeIgniter\Filters\Filters->run('C:\\', 'before')
 4 SYSTEMPATH\CodeIgniter.php(368): CodeIgniter\CodeIgniter->handleRequest(null, Object(Config\Cache), false)
 5 FCPATH\index.php(67): CodeIgniter\CodeIgniter->run()
 6 SYSTEMPATH\Commands\Server\rewrite.php(47): require_once('FCPATH\\index.php')
CRITICAL - 2023-03-11 14:35:56 --> validateApiKeyFromRequest(): Argument #1 ($apiKey) must be of type string, null given, called in C:\Users\LUIYI VARGAS\langergroupAPI\app\Filters\RequestFilter.php on line 39
in APPPATH\Helpers\jwt_helper.php on line 41.
 1 APPPATH\Filters\RequestFilter.php(39): validateApiKeyFromRequest(null)
 2 SYSTEMPATH\Filters\Filters.php(173): App\Filters\RequestFilter->before(Object(CodeIgniter\HTTP\IncomingRequest), null)
 3 SYSTEMPATH\CodeIgniter.php(473): CodeIgniter\Filters\Filters->run('C:\\', 'before')
 4 SYSTEMPATH\CodeIgniter.php(368): CodeIgniter\CodeIgniter->handleRequest(null, Object(Config\Cache), false)
 5 FCPATH\index.php(67): CodeIgniter\CodeIgniter->run()
 6 SYSTEMPATH\Commands\Server\rewrite.php(47): require_once('FCPATH\\index.php')
CRITICAL - 2023-03-11 14:36:35 --> validateApiKeyFromRequest(): Argument #1 ($apiKey) must be of type string, null given, called in C:\Users\LUIYI VARGAS\langergroupAPI\app\Filters\RequestFilter.php on line 39
in APPPATH\Helpers\jwt_helper.php on line 41.
 1 APPPATH\Filters\RequestFilter.php(39): validateApiKeyFromRequest(null)
 2 SYSTEMPATH\Filters\Filters.php(173): App\Filters\RequestFilter->before(Object(CodeIgniter\HTTP\IncomingRequest), null)
 3 SYSTEMPATH\CodeIgniter.php(473): CodeIgniter\Filters\Filters->run('C:\\', 'before')
 4 SYSTEMPATH\CodeIgniter.php(368): CodeIgniter\CodeIgniter->handleRequest(null, Object(Config\Cache), false)
 5 FCPATH\index.php(67): CodeIgniter\CodeIgniter->run()
 6 SYSTEMPATH\Commands\Server\rewrite.php(47): require_once('FCPATH\\index.php')
CRITICAL - 2023-03-11 14:36:36 --> validateApiKeyFromRequest(): Argument #1 ($apiKey) must be of type string, null given, called in C:\Users\LUIYI VARGAS\langergroupAPI\app\Filters\RequestFilter.php on line 39
in APPPATH\Helpers\jwt_helper.php on line 41.
 1 APPPATH\Filters\RequestFilter.php(39): validateApiKeyFromRequest(null)
 2 SYSTEMPATH\Filters\Filters.php(173): App\Filters\RequestFilter->before(Object(CodeIgniter\HTTP\IncomingRequest), null)
 3 SYSTEMPATH\CodeIgniter.php(473): CodeIgniter\Filters\Filters->run('C:\\', 'before')
 4 SYSTEMPATH\CodeIgniter.php(368): CodeIgniter\CodeIgniter->handleRequest(null, Object(Config\Cache), false)
 5 FCPATH\index.php(67): CodeIgniter\CodeIgniter->run()
 6 SYSTEMPATH\Commands\Server\rewrite.php(47): require_once('FCPATH\\index.php')
CRITICAL - 2023-03-11 14:37:31 --> Undefined constant "RequestApiKey"
in APPPATH\Helpers\jwt_helper.php on line 42.
 1 APPPATH\Filters\RequestFilter.php(39): validateApiKeyFromRequest(null)
 2 SYSTEMPATH\Filters\Filters.php(173): App\Filters\RequestFilter->before(Object(CodeIgniter\HTTP\IncomingRequest), null)
 3 SYSTEMPATH\CodeIgniter.php(473): CodeIgniter\Filters\Filters->run('C:\\', 'before')
 4 SYSTEMPATH\CodeIgniter.php(368): CodeIgniter\CodeIgniter->handleRequest(null, Object(Config\Cache), false)
 5 FCPATH\index.php(67): CodeIgniter\CodeIgniter->run()
 6 SYSTEMPATH\Commands\Server\rewrite.php(47): require_once('FCPATH\\index.php')
CRITICAL - 2023-03-11 14:37:32 --> Undefined constant "RequestApiKey"
in APPPATH\Helpers\jwt_helper.php on line 42.
 1 APPPATH\Filters\RequestFilter.php(39): validateApiKeyFromRequest(null)
 2 SYSTEMPATH\Filters\Filters.php(173): App\Filters\RequestFilter->before(Object(CodeIgniter\HTTP\IncomingRequest), null)
 3 SYSTEMPATH\CodeIgniter.php(473): CodeIgniter\Filters\Filters->run('C:\\', 'before')
 4 SYSTEMPATH\CodeIgniter.php(368): CodeIgniter\CodeIgniter->handleRequest(null, Object(Config\Cache), false)
 5 FCPATH\index.php(67): CodeIgniter\CodeIgniter->run()
 6 SYSTEMPATH\Commands\Server\rewrite.php(47): require_once('FCPATH\\index.php')
CRITICAL - 2023-03-11 14:38:17 --> Using $this when not in object context
in APPPATH\Helpers\jwt_helper.php on line 42.
 1 APPPATH\Filters\RequestFilter.php(39): validateApiKeyFromRequest(null)
 2 SYSTEMPATH\Filters\Filters.php(173): App\Filters\RequestFilter->before(Object(CodeIgniter\HTTP\IncomingRequest), null)
 3 SYSTEMPATH\CodeIgniter.php(473): CodeIgniter\Filters\Filters->run('C:\\', 'before')
 4 SYSTEMPATH\CodeIgniter.php(368): CodeIgniter\CodeIgniter->handleRequest(null, Object(Config\Cache), false)
 5 FCPATH\index.php(67): CodeIgniter\CodeIgniter->run()
 6 SYSTEMPATH\Commands\Server\rewrite.php(47): require_once('FCPATH\\index.php')
CRITICAL - 2023-03-11 14:38:18 --> Using $this when not in object context
in APPPATH\Helpers\jwt_helper.php on line 42.
 1 APPPATH\Filters\RequestFilter.php(39): validateApiKeyFromRequest(null)
 2 SYSTEMPATH\Filters\Filters.php(173): App\Filters\RequestFilter->before(Object(CodeIgniter\HTTP\IncomingRequest), null)
 3 SYSTEMPATH\CodeIgniter.php(473): CodeIgniter\Filters\Filters->run('C:\\', 'before')
 4 SYSTEMPATH\CodeIgniter.php(368): CodeIgniter\CodeIgniter->handleRequest(null, Object(Config\Cache), false)
 5 FCPATH\index.php(67): CodeIgniter\CodeIgniter->run()
 6 SYSTEMPATH\Commands\Server\rewrite.php(47): require_once('FCPATH\\index.php')
CRITICAL - 2023-03-11 14:38:27 --> Using $this when not in object context
in APPPATH\Helpers\jwt_helper.php on line 42.
 1 APPPATH\Filters\RequestFilter.php(39): validateApiKeyFromRequest(null)
 2 SYSTEMPATH\Filters\Filters.php(173): App\Filters\RequestFilter->before(Object(CodeIgniter\HTTP\IncomingRequest), null)
 3 SYSTEMPATH\CodeIgniter.php(473): CodeIgniter\Filters\Filters->run('C:\\', 'before')
 4 SYSTEMPATH\CodeIgniter.php(368): CodeIgniter\CodeIgniter->handleRequest(null, Object(Config\Cache), false)
 5 FCPATH\index.php(67): CodeIgniter\CodeIgniter->run()
 6 SYSTEMPATH\Commands\Server\rewrite.php(47): require_once('FCPATH\\index.php')
CRITICAL - 2023-03-11 14:38:29 --> Using $this when not in object context
in APPPATH\Helpers\jwt_helper.php on line 42.
 1 APPPATH\Filters\RequestFilter.php(39): validateApiKeyFromRequest(null)
 2 SYSTEMPATH\Filters\Filters.php(173): App\Filters\RequestFilter->before(Object(CodeIgniter\HTTP\IncomingRequest), null)
 3 SYSTEMPATH\CodeIgniter.php(473): CodeIgniter\Filters\Filters->run('C:\\', 'before')
 4 SYSTEMPATH\CodeIgniter.php(368): CodeIgniter\CodeIgniter->handleRequest(null, Object(Config\Cache), false)
 5 FCPATH\index.php(67): CodeIgniter\CodeIgniter->run()
 6 SYSTEMPATH\Commands\Server\rewrite.php(47): require_once('FCPATH\\index.php')
CRITICAL - 2023-03-11 14:43:33 --> validateApiKeyFromRequest(): Argument #1 ($request) must be of type RequestInterface, CodeIgniter\HTTP\IncomingRequest given, called in C:\Users\LUIYI VARGAS\langergroupAPI\app\Filters\RequestFilter.php on line 37
in APPPATH\Helpers\jwt_helper.php on line 40.
 1 APPPATH\Filters\RequestFilter.php(37): validateApiKeyFromRequest(Object(CodeIgniter\HTTP\IncomingRequest))
 2 SYSTEMPATH\Filters\Filters.php(173): App\Filters\RequestFilter->before(Object(CodeIgniter\HTTP\IncomingRequest), null)
 3 SYSTEMPATH\CodeIgniter.php(473): CodeIgniter\Filters\Filters->run('C:\\', 'before')
 4 SYSTEMPATH\CodeIgniter.php(368): CodeIgniter\CodeIgniter->handleRequest(null, Object(Config\Cache), false)
 5 FCPATH\index.php(67): CodeIgniter\CodeIgniter->run()
 6 SYSTEMPATH\Commands\Server\rewrite.php(47): require_once('FCPATH\\index.php')
CRITICAL - 2023-03-11 14:43:34 --> validateApiKeyFromRequest(): Argument #1 ($request) must be of type RequestInterface, CodeIgniter\HTTP\IncomingRequest given, called in C:\Users\LUIYI VARGAS\langergroupAPI\app\Filters\RequestFilter.php on line 37
in APPPATH\Helpers\jwt_helper.php on line 40.
 1 APPPATH\Filters\RequestFilter.php(37): validateApiKeyFromRequest(Object(CodeIgniter\HTTP\IncomingRequest))
 2 SYSTEMPATH\Filters\Filters.php(173): App\Filters\RequestFilter->before(Object(CodeIgniter\HTTP\IncomingRequest), null)
 3 SYSTEMPATH\CodeIgniter.php(473): CodeIgniter\Filters\Filters->run('C:\\', 'before')
 4 SYSTEMPATH\CodeIgniter.php(368): CodeIgniter\CodeIgniter->handleRequest(null, Object(Config\Cache), false)
 5 FCPATH\index.php(67): CodeIgniter\CodeIgniter->run()
 6 SYSTEMPATH\Commands\Server\rewrite.php(47): require_once('FCPATH\\index.php')
CRITICAL - 2023-03-11 16:22:11 --> Undefined constant CodeIgniter\HTTP\ResponseInterface::HTTP_OKAY
in APPPATH\Filters\RequestFilter.php on line 45.
 1 SYSTEMPATH\Filters\Filters.php(173): App\Filters\RequestFilter->before(Object(CodeIgniter\HTTP\IncomingRequest), null)
 2 SYSTEMPATH\CodeIgniter.php(473): CodeIgniter\Filters\Filters->run('api/', 'before')
 3 SYSTEMPATH\CodeIgniter.php(368): CodeIgniter\CodeIgniter->handleRequest(null, Object(Config\Cache), false)
 4 FCPATH\index.php(75): CodeIgniter\CodeIgniter->run()
 5 SYSTEMPATH\Commands\Server\rewrite.php(47): require_once('FCPATH\\index.php')
CRITICAL - 2023-03-11 16:33:18 --> App\Controllers\BaseController::getRequestInput(): Argument #1 ($request) must be of type App\Controllers\IncommingRequest, CodeIgniter\HTTP\IncomingRequest given, called in C:\Users\LUIYI VARGAS\langergroupAPI\app\Controllers\Api.php on line 25
in APPPATH\Controllers\BaseController.php on line 65.
 1 APPPATH\Controllers\Api.php(25): App\Controllers\BaseController->getRequestInput(Object(CodeIgniter\HTTP\IncomingRequest))
 2 SYSTEMPATH\CodeIgniter.php(934): App\Controllers\Api->register()
 3 SYSTEMPATH\CodeIgniter.php(499): CodeIgniter\CodeIgniter->runController(Object(App\Controllers\Api))
 4 SYSTEMPATH\CodeIgniter.php(368): CodeIgniter\CodeIgniter->handleRequest(null, Object(Config\Cache), false)
 5 FCPATH\index.php(75): CodeIgniter\CodeIgniter->run()
 6 SYSTEMPATH\Commands\Server\rewrite.php(47): require_once('FCPATH\\index.php')
CRITICAL - 2023-03-11 16:34:14 --> App\Controllers\BaseController::getRequestInput(): Argument #1 ($request) must be of type App\Controllers\IncommingRequest, CodeIgniter\HTTP\IncomingRequest given, called in C:\Users\LUIYI VARGAS\langergroupAPI\app\Controllers\Api.php on line 27
in APPPATH\Controllers\BaseController.php on line 65.
 1 APPPATH\Controllers\Api.php(27): App\Controllers\BaseController->getRequestInput(Object(CodeIgniter\HTTP\IncomingRequest))
 2 SYSTEMPATH\CodeIgniter.php(934): App\Controllers\Api->register()
 3 SYSTEMPATH\CodeIgniter.php(499): CodeIgniter\CodeIgniter->runController(Object(App\Controllers\Api))
 4 SYSTEMPATH\CodeIgniter.php(368): CodeIgniter\CodeIgniter->handleRequest(null, Object(Config\Cache), false)
 5 FCPATH\index.php(75): CodeIgniter\CodeIgniter->run()
 6 SYSTEMPATH\Commands\Server\rewrite.php(47): require_once('FCPATH\\index.php')
CRITICAL - 2023-03-11 16:34:28 --> App\Controllers\BaseController::getRequestInput(): Argument #1 ($request) must be of type App\Controllers\IncommingRequest, CodeIgniter\HTTP\IncomingRequest given, called in C:\Users\LUIYI VARGAS\langergroupAPI\app\Controllers\Api.php on line 27
in APPPATH\Controllers\BaseController.php on line 65.
 1 APPPATH\Controllers\Api.php(27): App\Controllers\BaseController->getRequestInput(Object(CodeIgniter\HTTP\IncomingRequest))
 2 SYSTEMPATH\CodeIgniter.php(934): App\Controllers\Api->register()
 3 SYSTEMPATH\CodeIgniter.php(499): CodeIgniter\CodeIgniter->runController(Object(App\Controllers\Api))
 4 SYSTEMPATH\CodeIgniter.php(368): CodeIgniter\CodeIgniter->handleRequest(null, Object(Config\Cache), false)
 5 FCPATH\index.php(75): CodeIgniter\CodeIgniter->run()
 6 SYSTEMPATH\Commands\Server\rewrite.php(47): require_once('FCPATH\\index.php')
CRITICAL - 2023-03-11 16:34:59 --> App\Controllers\BaseController::getRequestInput(): Argument #1 ($request) must be of type App\Controllers\IncommingRequest, CodeIgniter\HTTP\IncomingRequest given, called in C:\Users\LUIYI VARGAS\langergroupAPI\app\Controllers\Api.php on line 28
in APPPATH\Controllers\BaseController.php on line 65.
 1 APPPATH\Controllers\Api.php(28): App\Controllers\BaseController->getRequestInput(Object(CodeIgniter\HTTP\IncomingRequest))
 2 SYSTEMPATH\CodeIgniter.php(934): App\Controllers\Api->register()
 3 SYSTEMPATH\CodeIgniter.php(499): CodeIgniter\CodeIgniter->runController(Object(App\Controllers\Api))
 4 SYSTEMPATH\CodeIgniter.php(368): CodeIgniter\CodeIgniter->handleRequest(null, Object(Config\Cache), false)
 5 FCPATH\index.php(75): CodeIgniter\CodeIgniter->run()
 6 SYSTEMPATH\Commands\Server\rewrite.php(47): require_once('FCPATH\\index.php')
CRITICAL - 2023-03-11 16:35:18 --> App\Controllers\BaseController::getRequestInput(): Argument #1 ($request) must be of type App\Controllers\IncommingRequest, CodeIgniter\HTTP\IncomingRequest given, called in C:\Users\LUIYI VARGAS\langergroupAPI\app\Controllers\Api.php on line 28
in APPPATH\Controllers\BaseController.php on line 65.
 1 APPPATH\Controllers\Api.php(28): App\Controllers\BaseController->getRequestInput(Object(CodeIgniter\HTTP\IncomingRequest))
 2 SYSTEMPATH\CodeIgniter.php(934): App\Controllers\Api->register()
 3 SYSTEMPATH\CodeIgniter.php(499): CodeIgniter\CodeIgniter->runController(Object(App\Controllers\Api))
 4 SYSTEMPATH\CodeIgniter.php(368): CodeIgniter\CodeIgniter->handleRequest(null, Object(Config\Cache), false)
 5 FCPATH\index.php(75): CodeIgniter\CodeIgniter->run()
 6 SYSTEMPATH\Commands\Server\rewrite.php(47): require_once('FCPATH\\index.php')
CRITICAL - 2023-03-11 16:36:44 --> App\Controllers\BaseController::getRequestInput(): Argument #1 ($request) must be of type App\Controllers\IncommingRequest, CodeIgniter\HTTP\IncomingRequest given, called in C:\Users\LUIYI VARGAS\langergroupAPI\app\Controllers\Api.php on line 28
in APPPATH\Controllers\BaseController.php on line 65.
 1 APPPATH\Controllers\Api.php(28): App\Controllers\BaseController->getRequestInput(Object(CodeIgniter\HTTP\IncomingRequest))
 2 SYSTEMPATH\CodeIgniter.php(934): App\Controllers\Api->register()
 3 SYSTEMPATH\CodeIgniter.php(499): CodeIgniter\CodeIgniter->runController(Object(App\Controllers\Api))
 4 SYSTEMPATH\CodeIgniter.php(368): CodeIgniter\CodeIgniter->handleRequest(null, Object(Config\Cache), false)
 5 FCPATH\index.php(75): CodeIgniter\CodeIgniter->run()
 6 SYSTEMPATH\Commands\Server\rewrite.php(47): require_once('FCPATH\\index.php')
CRITICAL - 2023-03-11 16:42:56 --> Class "App\Controllers\Services" not found
in APPPATH\Controllers\BaseController.php on line 65.
 1 APPPATH\Controllers\Api.php(31): App\Controllers\BaseController->validateRequest([...], [...])
 2 SYSTEMPATH\CodeIgniter.php(934): App\Controllers\Api->register()
 3 SYSTEMPATH\CodeIgniter.php(499): CodeIgniter\CodeIgniter->runController(Object(App\Controllers\Api))
 4 SYSTEMPATH\CodeIgniter.php(368): CodeIgniter\CodeIgniter->handleRequest(null, Object(Config\Cache), false)
 5 FCPATH\index.php(75): CodeIgniter\CodeIgniter->run()
 6 SYSTEMPATH\Commands\Server\rewrite.php(47): require_once('FCPATH\\index.php')
ERROR - 2023-03-11 16:44:23 --> mysqli_sql_exception: Unknown column 'email' in 'where clause' in C:\Users\LUIYI VARGAS\langergroupAPI\system\Database\MySQLi\Connection.php:295
Stack trace:
#0 C:\Users\LUIYI VARGAS\langergroupAPI\system\Database\MySQLi\Connection.php(295): mysqli->query('SELECT 1\nFROM `...', 0)
#1 C:\Users\LUIYI VARGAS\langergroupAPI\system\Database\BaseConnection.php(691): CodeIgniter\Database\MySQLi\Connection->execute('SELECT 1\nFROM `...')
#2 C:\Users\LUIYI VARGAS\langergroupAPI\system\Database\BaseConnection.php(605): CodeIgniter\Database\BaseConnection->simpleQuery('SELECT 1\nFROM `...')
#3 C:\Users\LUIYI VARGAS\langergroupAPI\system\Database\BaseBuilder.php(1616): CodeIgniter\Database\BaseConnection->query('SELECT 1\nFROM `...', Array, false)
#4 C:\Users\LUIYI VARGAS\langergroupAPI\system\Validation\StrictRules\Rules.php(206): CodeIgniter\Database\BaseBuilder->get()
#5 C:\Users\LUIYI VARGAS\langergroupAPI\system\Validation\Validation.php(312): CodeIgniter\Validation\StrictRules\Rules->is_unique('lvargas9715@gma...', 'email', Array, NULL, 'userEmail')
#6 C:\Users\LUIYI VARGAS\langergroupAPI\system\Validation\Validation.php(170): CodeIgniter\Validation\Validation->processRules('userEmail', 'userEmail', 'lvargas9715@gma...', Array, Array)
#7 C:\Users\LUIYI VARGAS\langergroupAPI\app\Controllers\BaseController.php(85): CodeIgniter\Validation\Validation->run(Array)
#8 C:\Users\LUIYI VARGAS\langergroupAPI\app\Controllers\Api.php(31): App\Controllers\BaseController->validateRequest(Array, Array)
#9 C:\Users\LUIYI VARGAS\langergroupAPI\system\CodeIgniter.php(934): App\Controllers\Api->register()
#10 C:\Users\LUIYI VARGAS\langergroupAPI\system\CodeIgniter.php(499): CodeIgniter\CodeIgniter->runController(Object(App\Controllers\Api))
#11 C:\Users\LUIYI VARGAS\langergroupAPI\system\CodeIgniter.php(368): CodeIgniter\CodeIgniter->handleRequest(NULL, Object(Config\Cache), false)
#12 C:\Users\LUIYI VARGAS\langergroupAPI\public\index.php(75): CodeIgniter\CodeIgniter->run()
#13 C:\Users\LUIYI VARGAS\langergroupAPI\system\Commands\Server\rewrite.php(47): require_once('C:\\Users\\LUIYI ...')
#14 {main}
CRITICAL - 2023-03-11 16:44:23 --> Unknown column 'email' in 'where clause'
in SYSTEMPATH\Database\BaseConnection.php on line 645.
 1 SYSTEMPATH\Database\BaseBuilder.php(1616): CodeIgniter\Database\BaseConnection->query('SELECT 1
FROM `users`
WHERE `email` = :email:
 LIMIT 1', [...], false)
 2 SYSTEMPATH\Validation\StrictRules\Rules.php(206): CodeIgniter\Database\BaseBuilder->get()
 3 SYSTEMPATH\Validation\Validation.php(312): CodeIgniter\Validation\StrictRules\Rules->is_unique('lvargas9715@gmail.com', 'email', [...], null, 'userEmail')
 4 SYSTEMPATH\Validation\Validation.php(170): CodeIgniter\Validation\Validation->processRules('userEmail', 'userEmail', 'lvargas9715@gmail.com', [...], [...])
 5 APPPATH\Controllers\BaseController.php(85): CodeIgniter\Validation\Validation->run([...])
 6 APPPATH\Controllers\Api.php(31): App\Controllers\BaseController->validateRequest([...], [...])
 7 SYSTEMPATH\CodeIgniter.php(934): App\Controllers\Api->register()
 8 SYSTEMPATH\CodeIgniter.php(499): CodeIgniter\CodeIgniter->runController(Object(App\Controllers\Api))
 9 SYSTEMPATH\CodeIgniter.php(368): CodeIgniter\CodeIgniter->handleRequest(null, Object(Config\Cache), false)
10 FCPATH\index.php(75): CodeIgniter\CodeIgniter->run()
11 SYSTEMPATH\Commands\Server\rewrite.php(47): require_once('FCPATH\\index.php')
CRITICAL - 2023-03-11 16:47:43 --> Class "App\Controllers\ResponseInterface" not found
in APPPATH\Controllers\Api.php on line 32.
 1 SYSTEMPATH\CodeIgniter.php(934): App\Controllers\Api->register()
 2 SYSTEMPATH\CodeIgniter.php(499): CodeIgniter\CodeIgniter->runController(Object(App\Controllers\Api))
 3 SYSTEMPATH\CodeIgniter.php(368): CodeIgniter\CodeIgniter->handleRequest(null, Object(Config\Cache), false)
 4 FCPATH\index.php(75): CodeIgniter\CodeIgniter->run()
 5 SYSTEMPATH\Commands\Server\rewrite.php(47): require_once('FCPATH\\index.php')
CRITICAL - 2023-03-11 16:48:01 --> Class "App\Controllers\ResponseInterface" not found
in APPPATH\Controllers\Api.php on line 32.
 1 SYSTEMPATH\CodeIgniter.php(934): App\Controllers\Api->register()
 2 SYSTEMPATH\CodeIgniter.php(499): CodeIgniter\CodeIgniter->runController(Object(App\Controllers\Api))
 3 SYSTEMPATH\CodeIgniter.php(368): CodeIgniter\CodeIgniter->handleRequest(null, Object(Config\Cache), false)
 4 FCPATH\index.php(75): CodeIgniter\CodeIgniter->run()
 5 SYSTEMPATH\Commands\Server\rewrite.php(47): require_once('FCPATH\\index.php')
CRITICAL - 2023-03-11 16:51:02 --> Class "App\Controllers\ResponseInterface" not found
in APPPATH\Controllers\Api.php on line 43.
 1 SYSTEMPATH\CodeIgniter.php(934): App\Controllers\Api->register()
 2 SYSTEMPATH\CodeIgniter.php(499): CodeIgniter\CodeIgniter->runController(Object(App\Controllers\Api))
 3 SYSTEMPATH\CodeIgniter.php(368): CodeIgniter\CodeIgniter->handleRequest(null, Object(Config\Cache), false)
 4 FCPATH\index.php(75): CodeIgniter\CodeIgniter->run()
 5 SYSTEMPATH\Commands\Server\rewrite.php(47): require_once('FCPATH\\index.php')
CRITICAL - 2023-03-11 17:05:02 --> Too few arguments to function Firebase\JWT\JWT::encode(), 2 passed in C:\Users\LUIYI VARGAS\langergroupAPI\app\Helpers\jwt_helper.php on line 29 and at least 3 expected
in VENDORPATH\firebase\php-jwt\src\JWT.php on line 184.
 1 APPPATH\Helpers\jwt_helper.php(29): Firebase\JWT\JWT::encode([...], 'dhjshdsnozxcizxuchsbruefn')
 2 APPPATH\Controllers\Api.php(76): getSignedJWT('lvargas9715@gmail.com')
 3 APPPATH\Controllers\Api.php(56): App\Controllers\Api->getJWTForUSer('lvargas9715@gmail.com', 201)
 4 SYSTEMPATH\CodeIgniter.php(934): App\Controllers\Api->register()
 5 SYSTEMPATH\CodeIgniter.php(499): CodeIgniter\CodeIgniter->runController(Object(App\Controllers\Api))
 6 SYSTEMPATH\CodeIgniter.php(368): CodeIgniter\CodeIgniter->handleRequest(null, Object(Config\Cache), false)
 7 FCPATH\index.php(75): CodeIgniter\CodeIgniter->run()
 8 SYSTEMPATH\Commands\Server\rewrite.php(47): require_once('FCPATH\\index.php')
CRITICAL - 2023-03-11 17:06:58 --> Firebase\JWT\JWT::encode(): Argument #3 ($alg) must be of type string, array given, called in C:\Users\LUIYI VARGAS\langergroupAPI\app\Helpers\jwt_helper.php on line 29
in VENDORPATH\firebase\php-jwt\src\JWT.php on line 184.
 1 APPPATH\Helpers\jwt_helper.php(29): Firebase\JWT\JWT::encode([...], 'dhjshdsnozxcizxuchsbruefn', [...])
 2 APPPATH\Controllers\Api.php(76): getSignedJWT('lvargas9715@gmail.com')
 3 APPPATH\Controllers\Api.php(56): App\Controllers\Api->getJWTForUSer('lvargas9715@gmail.com', 201)
 4 SYSTEMPATH\CodeIgniter.php(934): App\Controllers\Api->register()
 5 SYSTEMPATH\CodeIgniter.php(499): CodeIgniter\CodeIgniter->runController(Object(App\Controllers\Api))
 6 SYSTEMPATH\CodeIgniter.php(368): CodeIgniter\CodeIgniter->handleRequest(null, Object(Config\Cache), false)
 7 FCPATH\index.php(75): CodeIgniter\CodeIgniter->run()
 8 SYSTEMPATH\Commands\Server\rewrite.php(47): require_once('FCPATH\\index.php')
ERROR - 2023-03-11 17:13:45 --> mysqli_sql_exception: Unknown column 'status' in 'field list' in C:\Users\LUIYI VARGAS\langergroupAPI\system\Database\MySQLi\Connection.php:295
Stack trace:
#0 C:\Users\LUIYI VARGAS\langergroupAPI\system\Database\MySQLi\Connection.php(295): mysqli->query('INSERT INTO `us...', 0)
#1 C:\Users\LUIYI VARGAS\langergroupAPI\system\Database\BaseConnection.php(691): CodeIgniter\Database\MySQLi\Connection->execute('INSERT INTO `us...')
#2 C:\Users\LUIYI VARGAS\langergroupAPI\system\Database\BaseConnection.php(605): CodeIgniter\Database\BaseConnection->simpleQuery('INSERT INTO `us...')
#3 C:\Users\LUIYI VARGAS\langergroupAPI\system\Database\BaseBuilder.php(2309): CodeIgniter\Database\BaseConnection->query('INSERT INTO `us...', Array, false)
#4 C:\Users\LUIYI VARGAS\langergroupAPI\system\Model.php(330): CodeIgniter\Database\BaseBuilder->insert()
#5 C:\Users\LUIYI VARGAS\langergroupAPI\system\BaseModel.php(782): CodeIgniter\Model->doInsert(Array)
#6 C:\Users\LUIYI VARGAS\langergroupAPI\system\Model.php(730): CodeIgniter\BaseModel->insert(Array, false)
#7 C:\Users\LUIYI VARGAS\langergroupAPI\system\BaseModel.php(692): CodeIgniter\Model->insert(Array, false)
#8 C:\Users\LUIYI VARGAS\langergroupAPI\app\Controllers\Api.php(54): CodeIgniter\BaseModel->save(Array)
#9 C:\Users\LUIYI VARGAS\langergroupAPI\system\CodeIgniter.php(934): App\Controllers\Api->register()
#10 C:\Users\LUIYI VARGAS\langergroupAPI\system\CodeIgniter.php(499): CodeIgniter\CodeIgniter->runController(Object(App\Controllers\Api))
#11 C:\Users\LUIYI VARGAS\langergroupAPI\system\CodeIgniter.php(368): CodeIgniter\CodeIgniter->handleRequest(NULL, Object(Config\Cache), false)
#12 C:\Users\LUIYI VARGAS\langergroupAPI\public\index.php(75): CodeIgniter\CodeIgniter->run()
#13 C:\Users\LUIYI VARGAS\langergroupAPI\system\Commands\Server\rewrite.php(47): require_once('C:\\Users\\LUIYI ...')
#14 {main}
CRITICAL - 2023-03-11 17:13:45 --> Unknown column 'status' in 'field list'
in SYSTEMPATH\Database\BaseConnection.php on line 645.
 1 SYSTEMPATH\Database\BaseBuilder.php(2309): CodeIgniter\Database\BaseConnection->query('INSERT INTO `users` (`custumerName`, `phoneNumber`, `userEmail`, `userPassword`, `profilePic`, `status`, `created_at`, `updated_at`) VALUES (:custumerName:, :phoneNumber:, :userEmail:, :userPassword:, :profilePic:, :status:, :created_at:, :updated_at:)', [...], false)
 2 SYSTEMPATH\Model.php(330): CodeIgniter\Database\BaseBuilder->insert()
 3 SYSTEMPATH\BaseModel.php(782): CodeIgniter\Model->doInsert([...])
 4 SYSTEMPATH\Model.php(730): CodeIgniter\BaseModel->insert([...], false)
 5 SYSTEMPATH\BaseModel.php(692): CodeIgniter\Model->insert([...], false)
 6 APPPATH\Controllers\Api.php(54): CodeIgniter\BaseModel->save([...])
 7 SYSTEMPATH\CodeIgniter.php(934): App\Controllers\Api->register()
 8 SYSTEMPATH\CodeIgniter.php(499): CodeIgniter\CodeIgniter->runController(Object(App\Controllers\Api))
 9 SYSTEMPATH\CodeIgniter.php(368): CodeIgniter\CodeIgniter->handleRequest(null, Object(Config\Cache), false)
10 FCPATH\index.php(75): CodeIgniter\CodeIgniter->run()
11 SYSTEMPATH\Commands\Server\rewrite.php(47): require_once('FCPATH\\index.php')
CRITICAL - 2023-03-11 18:43:10 --> Object of class CodeIgniter\Debug\Timer could not be converted to string
in APPPATH\Controllers\Api.php on line 45.
 1 SYSTEMPATH\CodeIgniter.php(934): App\Controllers\Api->register()
 2 SYSTEMPATH\CodeIgniter.php(499): CodeIgniter\CodeIgniter->runController(Object(App\Controllers\Api))
 3 SYSTEMPATH\CodeIgniter.php(368): CodeIgniter\CodeIgniter->handleRequest(null, Object(Config\Cache), false)
 4 FCPATH\index.php(75): CodeIgniter\CodeIgniter->run()
 5 SYSTEMPATH\Commands\Server\rewrite.php(47): require_once('FCPATH\\index.php')
CRITICAL - 2023-03-11 19:51:04 --> Class "App\Models\Exception" not found
in APPPATH\Models\UserModel.php on line 35.
 1 APPPATH\Controllers\Api.php(103): App\Models\UserModel->findUserByEmailAddress('lvargas971512@gmail.com')
 2 APPPATH\Controllers\Api.php(38): App\Controllers\Api->getJWTForUSer('lvargas971512@gmail.com')
 3 SYSTEMPATH\CodeIgniter.php(934): App\Controllers\Api->login()
 4 SYSTEMPATH\CodeIgniter.php(499): CodeIgniter\CodeIgniter->runController(Object(App\Controllers\Api))
 5 SYSTEMPATH\CodeIgniter.php(368): CodeIgniter\CodeIgniter->handleRequest(null, Object(Config\Cache), false)
 6 FCPATH\index.php(75): CodeIgniter\CodeIgniter->run()
 7 SYSTEMPATH\Commands\Server\rewrite.php(47): require_once('FCPATH\\index.php')
WARNING - 2023-03-11 19:57:48 --> [DEPRECATED] Required parameter $password follows optional parameter $responseCode in APPPATH\Controllers\Api.php on line 99.
 1 SYSTEMPATH\Autoloader\Autoloader.php(312): include_once()
 2 SYSTEMPATH\Autoloader\Autoloader.php(289): CodeIgniter\Autoloader\Autoloader->includeFile('APPPATH\\Controllers\\Api.php')
 3 SYSTEMPATH\Autoloader\Autoloader.php(267): CodeIgniter\Autoloader\Autoloader->loadInNamespace('App\\Controllers\\Api')
 4 [internal function]: CodeIgniter\Autoloader\Autoloader->loadClass('App\\Controllers\\Api')
 5 SYSTEMPATH\CodeIgniter.php(892): class_exists('\\App\\Controllers\\Api', true)
 6 SYSTEMPATH\CodeIgniter.php(486): CodeIgniter\CodeIgniter->startController()
 7 SYSTEMPATH\CodeIgniter.php(368): CodeIgniter\CodeIgniter->handleRequest(null, Object(Config\Cache), false)
 8 FCPATH\index.php(75): CodeIgniter\CodeIgniter->run()
 9 SYSTEMPATH\Commands\Server\rewrite.php(47): require_once('FCPATH\\index.php')
CRITICAL - 2023-03-11 19:57:48 --> Too few arguments to function App\Controllers\Api::getJWTForUSer(), 1 passed in C:\Users\LUIYI VARGAS\CodeIgnite4-API\API_REST\app\Controllers\Api.php on line 38 and exactly 4 expected
in APPPATH\Controllers\Api.php on line 0.
 1 APPPATH\Controllers\Api.php(38): App\Controllers\Api->getJWTForUSer('lvargas971512@gmail.com')
 2 SYSTEMPATH\CodeIgniter.php(934): App\Controllers\Api->login()
 3 SYSTEMPATH\CodeIgniter.php(499): CodeIgniter\CodeIgniter->runController(Object(App\Controllers\Api))
 4 SYSTEMPATH\CodeIgniter.php(368): CodeIgniter\CodeIgniter->handleRequest(null, Object(Config\Cache), false)
 5 FCPATH\index.php(75): CodeIgniter\CodeIgniter->run()
 6 SYSTEMPATH\Commands\Server\rewrite.php(47): require_once('FCPATH\\index.php')
